2025-05-26 20:41:42,686 - masks - INFO: Получение номера карты: 132214415522515
2025-05-26 20:41:42,686 - masks - INFO: Проверка из 16 цифр состоит номер карты или нет
2025-05-26 20:41:42,686 - masks - ERROR: Некорректный ввод
2025-05-26 20:41:42,686 - masks - INFO: Получение номера карты: 1234567887654321
2025-05-26 20:41:42,686 - masks - INFO: Проверка из 16 цифр состоит номер карты или нет
2025-05-26 20:41:42,686 - masks - INFO: Результат работы функции get_mask_card_number получен
2025-05-26 20:41:42,687 - masks - INFO: Получение номера карты:  
2025-05-26 20:41:42,687 - masks - INFO: Проверка из 16 цифр состоит номер карты или нет
2025-05-26 20:41:42,687 - masks - ERROR: Некорректный ввод
2025-05-26 20:41:42,687 - masks - INFO: Получение номера карты: dsfhhhshfsh
2025-05-26 20:41:42,687 - masks - INFO: Проверка из 16 цифр состоит номер карты или нет
2025-05-26 20:41:42,687 - masks - ERROR: Некорректный ввод
2025-05-26 20:41:42,687 - masks - INFO: Получение номера счета: <function get_mask_account at 0x00000226C0E4E520>
2025-05-26 20:41:42,687 - masks - INFO: Проверка из 20 цифр состоит номер счета или нет
2025-05-26 20:41:42,688 - masks - ERROR: Некорректный ввод
2025-05-26 20:41:42,688 - masks - INFO: Получение номера счета: <function get_mask_account at 0x00000226C0E4E520>
2025-05-26 20:41:42,688 - masks - INFO: Проверка из 20 цифр состоит номер счета или нет
2025-05-26 20:41:42,688 - masks - INFO: Результат работы функции get_mask_account получен
2025-05-26 20:41:42,688 - masks - INFO: Получение номера счета: <function get_mask_account at 0x00000226C0E4E520>
2025-05-26 20:41:42,688 - masks - INFO: Проверка из 20 цифр состоит номер счета или нет
2025-05-26 20:41:42,688 - masks - ERROR: Некорректный ввод
2025-05-26 20:41:42,688 - masks - INFO: Получение номера счета: <function get_mask_account at 0x00000226C0E4E520>
2025-05-26 20:41:42,689 - masks - INFO: Проверка из 20 цифр состоит номер счета или нет
2025-05-26 20:41:42,689 - masks - ERROR: Некорректный ввод
2025-05-26 20:41:42,773 - masks - INFO: Получение номера карты: 7000792289606361
2025-05-26 20:41:42,773 - masks - INFO: Проверка из 16 цифр состоит номер карты или нет
2025-05-26 20:41:42,773 - masks - INFO: Результат работы функции get_mask_card_number получен
2025-05-26 20:41:42,775 - masks - INFO: Получение номера карты: 7158300734726758
2025-05-26 20:41:42,776 - masks - INFO: Проверка из 16 цифр состоит номер карты или нет
2025-05-26 20:41:42,776 - masks - INFO: Результат работы функции get_mask_card_number получен
2025-05-26 20:41:42,778 - masks - INFO: Получение номера карты: 46894085699
2025-05-26 20:41:42,778 - masks - INFO: Проверка из 16 цифр состоит номер карты или нет
2025-05-26 20:41:42,778 - masks - ERROR: Некорректный ввод
2025-05-26 20:41:42,780 - masks - INFO: Получение номера карты: 678594853758465784269
2025-05-26 20:41:42,780 - masks - INFO: Проверка из 16 цифр состоит номер карты или нет
2025-05-26 20:41:42,780 - masks - ERROR: Некорректный ввод
2025-05-26 20:41:42,782 - masks - INFO: Получение номера карты: 6785948537584657842
2025-05-26 20:41:42,782 - masks - INFO: Проверка из 16 цифр состоит номер карты или нет
2025-05-26 20:41:42,782 - masks - ERROR: Некорректный ввод
2025-05-26 20:41:42,784 - masks - INFO: Получение номера карты: 
2025-05-26 20:41:42,784 - masks - INFO: Проверка из 16 цифр состоит номер карты или нет
2025-05-26 20:41:42,784 - masks - ERROR: Некорректный ввод
2025-05-26 20:41:42,786 - masks - INFO: Получение номера карты: 458345gfg893048
2025-05-26 20:41:42,786 - masks - INFO: Проверка из 16 цифр состоит номер карты или нет
2025-05-26 20:41:42,786 - masks - ERROR: Некорректный ввод
2025-05-26 20:41:42,788 - masks - INFO: Получение номера счета: <function get_mask_account at 0x00000226C0E4E520>
2025-05-26 20:41:42,788 - masks - INFO: Проверка из 20 цифр состоит номер счета или нет
2025-05-26 20:41:42,789 - masks - INFO: Результат работы функции get_mask_account получен
2025-05-26 20:41:42,790 - masks - INFO: Получение номера счета: <function get_mask_account at 0x00000226C0E4E520>
2025-05-26 20:41:42,791 - masks - INFO: Проверка из 20 цифр состоит номер счета или нет
2025-05-26 20:41:42,791 - masks - ERROR: Некорректный ввод
2025-05-26 20:41:42,793 - masks - INFO: Получение номера счета: <function get_mask_account at 0x00000226C0E4E520>
2025-05-26 20:41:42,793 - masks - INFO: Проверка из 20 цифр состоит номер счета или нет
2025-05-26 20:41:42,793 - masks - ERROR: Некорректный ввод
2025-05-26 20:41:42,795 - masks - INFO: Получение номера счета: <function get_mask_account at 0x00000226C0E4E520>
2025-05-26 20:41:42,795 - masks - INFO: Проверка из 20 цифр состоит номер счета или нет
2025-05-26 20:41:42,795 - masks - ERROR: Некорректный ввод
2025-05-26 20:41:42,797 - masks - INFO: Получение номера счета: <function get_mask_account at 0x00000226C0E4E520>
2025-05-26 20:41:42,797 - masks - INFO: Проверка из 20 цифр состоит номер счета или нет
2025-05-26 20:41:42,797 - masks - ERROR: Некорректный ввод
2025-05-26 20:41:42,799 - masks - INFO: Получение номера счета: <function get_mask_account at 0x00000226C0E4E520>
2025-05-26 20:41:42,799 - masks - INFO: Проверка из 20 цифр состоит номер счета или нет
2025-05-26 20:41:42,799 - masks - ERROR: Некорректный ввод
2025-05-26 20:41:42,801 - masks - INFO: Получение номера счета: <function get_mask_account at 0x00000226C0E4E520>
2025-05-26 20:41:42,801 - masks - INFO: Проверка из 20 цифр состоит номер счета или нет
2025-05-26 20:41:42,801 - masks - ERROR: Некорректный ввод
2025-05-26 20:41:42,853 - masks - INFO: Получение номера карты: 7000792289606361
2025-05-26 20:41:42,853 - masks - INFO: Проверка из 16 цифр состоит номер карты или нет
2025-05-26 20:41:42,853 - masks - INFO: Результат работы функции get_mask_card_number получен
2025-05-26 20:41:42,857 - masks - INFO: Получение номера счета: <function get_mask_account at 0x00000226C0E4E520>
2025-05-26 20:41:42,857 - masks - INFO: Проверка из 20 цифр состоит номер счета или нет
2025-05-26 20:41:42,857 - masks - INFO: Результат работы функции get_mask_account получен
2025-05-26 20:41:42,859 - masks - INFO: Получение номера карты: 7158300734726758
2025-05-26 20:41:42,859 - masks - INFO: Проверка из 16 цифр состоит номер карты или нет
2025-05-26 20:41:42,859 - masks - INFO: Результат работы функции get_mask_card_number получен
2025-05-26 20:41:42,862 - masks - INFO: Получение номера карты: 5456789645321234
2025-05-26 20:41:42,863 - masks - INFO: Проверка из 16 цифр состоит номер карты или нет
2025-05-26 20:41:42,863 - masks - INFO: Результат работы функции get_mask_card_number получен
